#
# A fatal error has been detected by the Java Runtime Environment:
#
#  EXCEPTION_ACCESS_VIOLATION (0xc0000005) at pc=0x00007ffddd0b199f, pid=2168, tid=7932
#
# JRE version: OpenJDK Runtime Environment Temurin-21.0.7+6 (21.0.7+6) (build 21.0.7+6-LTS)
# Java VM: OpenJDK 64-Bit Server VM Temurin-21.0.7+6 (21.0.7+6-LTS, mixed mode, sharing, tiered, compressed oops, compressed class ptrs, parallel gc, windows-amd64)
# Problematic frame:
# V  [jvm.dll+0x70199f]
#
# No core dump will be written. Minidumps are not enabled by default on client versions of Windows
#
# If you would like to submit a bug report, please visit:
#   https://github.com/adoptium/adoptium-support/issues
#

---------------  S U M M A R Y ------------

Command Line: --add-modules=ALL-SYSTEM --add-opens=java.base/java.util=ALL-UNNAMED --add-opens=java.base/java.lang=ALL-UNNAMED --add-opens=java.base/sun.nio.fs=ALL-UNNAMED -Declipse.application=org.eclipse.jdt.ls.core.id1 -Dosgi.bundles.defaultStartLevel=4 -Declipse.product=org.eclipse.jdt.ls.core.product -Djava.import.generatesMetadataFilesAtProjectRoot=false -DDetectVMInstallationsJob.disabled=true -Dfile.encoding=utf8 -XX:+UseParallelGC -XX:GCTimeRatio=4 -XX:AdaptiveSizePolicyWeight=90 -Dsun.zip.disableMemoryMapping=true -Xmx1G -Xms100m -Xlog:disable -javaagent:c:\Users\Hamza tabani\.vscode\extensions\redhat.java-1.42.0-win32-x64\lombok\lombok-1.18.36.jar -XX:+HeapDumpOnOutOfMemoryError -XX:HeapDumpPath=c:\Users\Hamza tabani\AppData\Roaming\Code\User\workspaceStorage\0cafcf07e359992c43e639bed0ea1b03\redhat.java -Daether.dependencyCollector.impl=bf c:\Users\Hamza tabani\.vscode\extensions\redhat.java-1.42.0-win32-x64\server\plugins\org.eclipse.equinox.launcher_1.7.0.v20250424-1814.jar -configuration c:\Users\Hamza tabani\AppData\Roaming\Code\User\globalStorage\redhat.java\1.42.0\config_win -data c:\Users\Hamza tabani\AppData\Roaming\Code\User\workspaceStorage\0cafcf07e359992c43e639bed0ea1b03\redhat.java\jdt_ws --pipe=\\.\pipe\lsp-cb1802e7b6477c7fcedea767c029a25b-sock

Host: Intel(R) Core(TM) i7-4790 CPU @ 3.60GHz, 8 cores, 15G,  Windows 10 , 64 bit Build 19041 (10.0.19041.5915)
Time: Wed Jun 25 02:22:48 2025 Pakistan Standard Time elapsed time: 583.383647 seconds (0d 0h 9m 43s)

---------------  T H R E A D  ---------------

Current thread (0x000001e35ae7dd70):  WorkerThread "GC Thread#6"    [id=7932, stack(0x000000caeef00000,0x000000caef000000) (1024K)]

Stack: [0x000000caeef00000,0x000000caef000000],  sp=0x000000caeefffa50,  free space=1022k
Native frames: (J=compiled Java code, j=interpreted, Vv=VM code, C=native code)
V  [jvm.dll+0x70199f]
V  [jvm.dll+0x701fd2]
V  [jvm.dll+0x70e60e]
V  [jvm.dll+0x8d6377]
V  [jvm.dll+0x851f6b]
V  [jvm.dll+0x6cc7dd]
C  [ucrtbase.dll+0x21bb2]
C  [KERNEL32.DLL+0x17374]
C  [ntdll.dll+0x4cc91]


siginfo: EXCEPTION_ACCESS_VIOLATION (0xc0000005), reading address 0x0000000000000110


Registers:
RAX=0x0000000000000010, RBX=0x00000000df1d4fc8, RCX=0x000001e3000259b8, RDX=0x00000000df1d4fc8
RSP=0x000000caeefffa50, RBP=0x00000000df1d4a28, RSI=0x00000000df1d4c00, RDI=0x00000000df1d4fc8
R8 =0x000001e3000259b8, R9 =0x0000000000000011, R10=0x000000000000000c, R11=0x0000000000000046
R12=0x0000000000000040, R13=0x000001e3588e0580, R14=0x000001e3422261f0, R15=0x00000000df1d5400
RIP=0x00007ffddd0b199f, EFLAGS=0x0000000000010202

XMM[0]=0xffffffffffffffff 0xffffffffffffffff
XMM[1]=0x00000000ff000000 0x00ff00000000ffff
XMM[2]=0x0000000000000000 0x0000000000000000
XMM[3]=0x0000000000000000 0x0000000000000000
XMM[4]=0x0000000000000000 0x0000000000000000
XMM[5]=0x0000ff0000000000 0xff00000000ff00ff
XMM[6]=0x0000000000000000 0x0000000000000000
XMM[7]=0x0000000000000000 0x0000000000000000
XMM[8]=0x0000000000000000 0x0000000000000000
XMM[9]=0x0000000000000000 0x0000000000000000
XMM[10]=0x0000000000000000 0x0000000000000000
XMM[11]=0x0000000000000000 0x0000000000000000
XMM[12]=0x0000000000000000 0x0000000000000000
XMM[13]=0x0000000000000000 0x0000000000000000
XMM[14]=0x0000000000000000 0x0000000000000000
XMM[15]=0x0000000000000000 0x0000000000000000
  MXCSR=0x00001fa0


Register to memory mapping:

RAX=0x0000000000000010 is an unknown value
RBX=
[error occurred during error reporting (printing register info), id 0xc0000005, EXCEPTION_ACCESS_VIOLATION (0xc0000005) at pc=0x00007ffddd08cb77]
RCX=0x000001e3000259b8 is pointing into metadata
RDX=
[error occurred during error reporting (printing register info, attempt 2), id 0xc0000005, EXCEPTION_ACCESS_VIOLATION (0xc0000005) at pc=0x00007ffddd08cb77]
RSP=0x000000caeefffa50 points into unknown readable memory: 0x000000caeefffbd0 | d0 fb ff ee ca 00 00 00
RBP=0x00000000df1d4a28 is an oop: [Ljava.util.HashMap$Node; 
{0x00000000df1d4a28} - klass: 'java/util/HashMap$Node'[]
 - length: 16
RSI=0x00000000df1d4c00 is pointing into object: java.util.HashMap$Node 
{0x00000000df1d4bf0} - klass: 'java/util/HashMap$Node'
 - ---- fields (total size 4 words):
 - final 'hash' 'I' @12  1746321024 (0x6816be80)
 - final 'key' 'Ljava/lang/Object;' @16  "sourceId"{0x00000000c06eba38} (0xc06eba38)
 - 'value' 'Ljava/lang/Object;' @20  "JDT"{0x00000000c0559a70} (0xc0559a70)
 - 'next' 'Ljava/util/HashMap$Node;' @24  null (0x00000000)
RDI=
[error occurred during error reporting (printing register info, attempt 3), id 0xc0000005, EXCEPTION_ACCESS_VIOLATION (0xc0000005) at pc=0x00007ffddd08cb77]
Top of Stack: (sp=0x000000caeefffa50)
0x000000caeefffa50:   000000caeefffbd0 00000000df1d4a28
0x000000caeefffa60:   00000000df1d4c00 000000caeefffbe0
0x000000caeefffa70:   00000000df1e0000 000000caeefffb88
0x000000caeefffa80:   00000000df1e0000 000000caeefffbe0
0x000000caeefffa90:   000001e3422261f0 00000000df1d0000
0x000000caeefffaa0:   000000caeefffb38 000001e35aa162a0
0x000000caeefffab0:   0000020000000009 ffffffffffffffff
0x000000caeefffac0:   ffffffffffffffff 000000ff0000ffff
0x000000caeefffad0:   00000000ff000000 0000ff00000000ff
0x000000caeefffae0:   ff00000000ff0000 ffffffffffffff00
0x000000caeefffaf0:   ffffffffffffffff 00ff00000000ffff
0x000000caeefffb00:   00000000ff000000 ffffffffffffffff
0x000000caeefffb10:   ffffffffffffffff ff00000000ff00ff
0x000000caeefffb20:   0000ff0000000000 ffffffffffffff00
0x000000caeefffb30:   ffffffffffffffff 000000caee906c38
0x000000caeefffb40:   000078973e4bdd8f 00007ffddd149064
0x000000caeefffb50:   000001005195b090 000001e3588e0580
0x000000caeefffb60:   00000000e2869590 0000000000010000
0x000000caeefffb70:   000001e34403434b 00000000df1e0000
0x000000caeefffb80:   0000000000080000 000001e3422261f0
0x000000caeefffb90:   00000000df1d0000 00007ffddd0b1fd2
0x000000caeefffba0:   0000000000000000 000001e3422261f0
0x000000caeefffbb0:   000001e344034280 00000000e2850000
0x000000caeefffbc0:   00000000df1e0000 00007ffddd1d8c59
0x000000caeefffbd0:   00000000df1d4bf0 00000000df1d4c10
0x000000caeefffbe0:   000000caeefffbd0 000000caeefffc68
0x000000caeefffbf0:   00000000000009f8 00000000000e131b
0x000000caeefffc00:   0000004000001000 0000004000001000
0x000000caeefffc10:   00000100000003e8 0000000000000005
0x000000caeefffc20:   0000000000000070 0000000000000005
0x000000caeefffc30:   000001e35aa15be0 0000000000000030
0x000000caeefffc40:   000000caeddfefc0 0000000000000005 

Instructions: (pc=0x00007ffddd0b199f)
0x00007ffddd0b189f:   c6 73 c3 80 38 ff 74 c1 48 ff c0 49 3b c6 72 f3
0x00007ffddd0b18af:   eb b4 48 8b 4f 08 48 8b d6 48 8b 09 e8 c0 b1 fd
0x00007ffddd0b18bf:   ff 48 8b d8 48 8b 07 48 8b cb 48 89 18 e8 6f ab
0x00007ffddd0b18cf:   90 ff 41 ba 0c 00 00 00 48 8d 0c c3 48 8b 07 48
0x00007ffddd0b18df:   89 48 08 4c 8b 74 24 40 80 3d 34 8d 52 00 00 74
0x00007ffddd0b18ef:   17 8b 53 08 8b 0d bf 76 52 00 8b c2 48 d3 e0 48
0x00007ffddd0b18ff:   03 05 ab 76 52 00 eb 06 48 8b 43 08 8b d0 80 3d
0x00007ffddd0b190f:   0e 8d 52 00 00 44 8b 60 0c 74 15 8b 0d 98 76 52
0x00007ffddd0b191f:   00 44 8b c2 49 d3 e0 4c 03 05 83 76 52 00 eb 04
0x00007ffddd0b192f:   4c 8b 43 08 45 8b 48 08 45 85 c9 7e 0f 41 f6 c1
0x00007ffddd0b193f:   01 75 54 41 c1 f9 03 49 63 c9 eb 5d 79 49 80 3d
0x00007ffddd0b194f:   ce 8c 52 00 00 b9 10 00 00 00 8b 05 c9 87 52 00
0x00007ffddd0b195f:   49 0f 45 ca ff c8 4c 63 c0 41 8b c1 48 c1 f8 10
0x00007ffddd0b196f:   48 63 14 19 41 8b c9 83 e1 3f 48 d3 e2 0f b6 c8
0x00007ffddd0b197f:   49 8d 04 10 49 f7 d0 48 03 c8 49 c1 e8 03 48 c1
0x00007ffddd0b198f:   e9 03 49 23 c8 eb 12 49 8b 00 48 8b d3 49 8b c8
0x00007ffddd0b199f:   ff 90 00 01 00 00 48 8b c8 48 8d 3c cb 41 83 fc
0x00007ffddd0b19af:   06 75 07 4c 89 7c 24 20 eb 16 48 3b dd 73 07 48
0x00007ffddd0b19bf:   3b 6c 24 48 77 1b 48 8b 44 24 30 48 89 44 24 20
0x00007ffddd0b19cf:   4c 8b ce 4c 8b c3 49 8b d5 49 8b ce e8 30 03 00
0x00007ffddd0b19df:   00 49 3b ff 73 0e 48 8b df 41 ba 0c 00 00 00 e9
0x00007ffddd0b19ef:   f4 fe ff ff 41 8b 85 60 01 00 00 41 83 fc 06 41
0x00007ffddd0b19ff:   8b 8d e0 00 00 00 48 8b ef 4c 8b 74 24 50 49 0f
0x00007ffddd0b1a0f:   44 ef 2b c8 b8 00 00 00 00 81 e1 ff ff 01 00 81
0x00007ffddd0b1a1f:   f9 ff ff 01 00 0f 44 c8 41 3b 8d 28 03 00 00 76
0x00007ffddd0b1a2f:   0a 33 d2 49 8b cd e8 86 9e 00 00 4c 8b 64 24 30
0x00007ffddd0b1a3f:   49 3b ec 73 11 48 8b 94 24 e8 00 00 00 8b 4c 24
0x00007ffddd0b1a4f:   60 e9 ec fd ff ff 48 8b 8c 24 f0 00 00 00 48 33
0x00007ffddd0b1a5f:   cc e8 bb 56 24 00 48 81 c4 08 01 00 00 41 5f 41
0x00007ffddd0b1a6f:   5e 41 5d 41 5c 5f 5e 5d 5b c3 cc cc cc cc cc cc
0x00007ffddd0b1a7f:   cc 48 89 5c 24 08 57 48 83 ec 50 48 8b f9 48 8d
0x00007ffddd0b1a8f:   05 5c 98 38 00 33 c9 48 89 44 24 20 38 0d 81 8b 


Stack slot to memory mapping:

stack at sp + 0 slots: 0x000000caeefffbd0 points into unknown readable memory: 0x00000000df1d4bf0 | f0 4b 1d df 00 00 00 00
stack at sp + 1 slots: 0x00000000df1d4a28 is an oop: [Ljava.util.HashMap$Node; 
{0x00000000df1d4a28} - klass: 'java/util/HashMap$Node'[]
 - length: 16
stack at sp + 2 slots: 0x00000000df1d4c00 is pointing into object: java.util.HashMap$Node 
{0x00000000df1d4bf0} - klass: 'java/util/HashMap$Node'
 - ---- fields (total size 4 words):
 - final 'hash' 'I' @12  1746321024 (0x6816be80)
 - final 'key' 'Ljava/lang/Object;' @16  "sourceId"{0x00000000c06eba38} (0xc06eba38)
 - 'value' 'Ljava/lang/Object;' @20  "JDT"{0x00000000c0559a70} (0xc0559a70)
 - 'next' 'Ljava/util/HashMap$Node;' @24  null (0x00000000)
stack at sp + 3 slots: 0x000000caeefffbe0 points into unknown readable memory: 0x000000caeefffbd0 | d0 fb ff ee ca 00 00 00
stack at sp + 4 slots: 0x00000000df1e0000 is an oop: lombok.core.LombokImmutableList 
{0x00000000df1e0000} - klass: 'lombok/core/LombokImmutableList'
 - ---- fields (total size 2 words):
 - private 'content' '[Ljava/lang/Object;' @12  a 'java/lang/Object'[2] {0x00000000df1e0010} (0xdf1e0010)
stack at sp + 5 slots: 0x000000caeefffb88 points into unknown readable memory: 0x000001e3422261f0 | f0 61 22 42 e3 01 00 00
stack at sp + 6 slots: 0x00000000df1e0000 is an oop: lombok.core.LombokImmutableList 
{0x00000000df1e0000} - klass: 'lombok/core/LombokImmutableList'
 - ---- fields (total size 2 words):
 - private 'content' '[Ljava/lang/Object;' @12  a 'java/lang/Object'[2] {0x00000000df1e0010} (0xdf1e0010)
stack at sp + 7 slots: 0x000000caeefffbe0 points into unknown readable memory: 0x000000caeefffbd0 | d0 fb ff ee ca 00 00 00


---------------  P R O C E S S  ---------------

Threads class SMR info:
_java_thread_list=0x000001e35f936700, length=68, elements={
0x000001e34454e0f0, 0x000001e3588fe9c0, 0x000001e3589002c0, 0x000001e358903c50,
0x000001e358904960, 0x000001e358906520, 0x000001e358906f70, 0x000001e358908ba0,
0x000001e35a2f1770, 0x000001e3445bcb80, 0x000001e35a607b30, 0x000001e35f283670,
0x000001e35ab1c5f0, 0x000001e35f06a670, 0x000001e35f06b0e0, 0x000001e35f441f90,
0x000001e35f36c1d0, 0x000001e35a6607d0, 0x000001e35a65e070, 0x000001e35a65fab0,
0x000001e35a660140, 0x000001e361cab920, 0x000001e361ca91c0, 0x000001e361ca7e10,
0x000001e361ca63d0, 0x000001e361ca6a60, 0x000001e361ca84a0, 0x000001e361ca5020,
0x000001e361ca9ee0, 0x000001e361ca8b30, 0x000001e361cac640, 0x000001e361caac00,
0x000001e361ca70f0, 0x000001e361cab290, 0x000001e36c2545a0, 0x000001e36c256670,
0x000001e3636cbe00, 0x000001e3636c9010, 0x000001e362d3fdb0, 0x000001e362d3c930,
0x000001e362d3ea00, 0x000001e362d3f090, 0x000001e362d3dce0, 0x000001e362d43230,
0x000001e362d41160, 0x000001e362d3cfc0, 0x000001e362d40440, 0x000001e362d417f0,
0x000001e362d42ba0, 0x000001e36c256d00, 0x000001e36c254c30, 0x000001e36c2580b0,
0x000001e36c255fe0, 0x000001e36c259460, 0x000001e36c259af0, 0x000001e36c255950,
0x000001e36c2531f0, 0x000001e36c258dd0, 0x000001e36c253880, 0x000001e35a65ed90,
0x000001e35a660e60, 0x000001e35a6614f0, 0x000001e35a65e700, 0x000001e36d038e10,
0x000001e36222c840, 0x000001e36222cf10, 0x000001e36d0394a0, 0x000001e36d035300
}

Java Threads: ( => current thread )
  0x000001e34454e0f0 JavaThread "main"                              [_thread_blocked, id=12776, stack(0x000000caeda00000,0x000000caedb00000) (1024K)]
  0x000001e3588fe9c0 JavaThread "Reference Handler"          daemon [_thread_blocked, id=7704, stack(0x000000caede00000,0x000000caedf00000) (1024K)]
  0x000001e3589002c0 JavaThread "Finalizer"                  daemon [_thread_blocked, id=11860, stack(0x000000caedf00000,0x000000caee000000) (1024K)]
  0x000001e358903c50 JavaThread "Signal Dispatcher"          daemon [_thread_blocked, id=8504, stack(0x000000caee000000,0x000000caee100000) (1024K)]
  0x000001e358904960 JavaThread "Attach Listener"            daemon [_thread_blocked, id=17008, stack(0x000000caee100000,0x000000caee200000) (1024K)]
  0x000001e358906520 JavaThread "Service Thread"             daemon [_thread_blocked, id=8660, stack(0x000000caee200000,0x000000caee300000) (1024K)]
  0x000001e358906f70 JavaThread "Monitor Deflation Thread"   daemon [_thread_blocked, id=18872, stack(0x000000caee300000,0x000000caee400000) (1024K)]
  0x000001e358908ba0 JavaThread "C2 CompilerThread0"         daemon [_thread_blocked, id=19756, stack(0x000000caee400000,0x000000caee500000) (1024K)]
  0x000001e35a2f1770 JavaThread "C1 CompilerThread0"         daemon [_thread_blocked, id=14876, stack(0x000000caee500000,0x000000caee600000) (1024K)]
  0x000001e3445bcb80 JavaThread "Common-Cleaner"             daemon [_thread_blocked, id=10068, stack(0x000000caee600000,0x000000caee700000) (1024K)]
  0x000001e35a607b30 JavaThread "Notification Thread"        daemon [_thread_blocked, id=6740, stack(0x000000caee800000,0x000000caee900000) (1024K)]
  0x000001e35f283670 JavaThread "Active Thread: Equinox Container: 60e07d94-d379-4897-a50a-e9b16a3a7320"        [_thread_blocked, id=9056, stack(0x000000caef000000,0x000000caef100000) (1024K)]
  0x000001e35ab1c5f0 JavaThread "Refresh Thread: Equinox Container: 60e07d94-d379-4897-a50a-e9b16a3a7320" daemon [_thread_blocked, id=3776, stack(0x000000caee700000,0x000000caee800000) (1024K)]
  0x000001e35f06a670 JavaThread "Framework Event Dispatcher: Equinox Container: 60e07d94-d379-4897-a50a-e9b16a3a7320" daemon [_thread_blocked, id=8568, stack(0x000000caef100000,0x000000caef200000) (1024K)]
  0x000001e35f06b0e0 JavaThread "Start Level: Equinox Container: 60e07d94-d379-4897-a50a-e9b16a3a7320" daemon [_thread_blocked, id=14788, stack(0x000000caef200000,0x000000caef300000) (1024K)]
  0x000001e35f441f90 JavaThread "Bundle File Closer"         daemon [_thread_blocked, id=5252, stack(0x000000caef400000,0x000000caef500000) (1024K)]
  0x000001e35f36c1d0 JavaThread "SCR Component Actor"        daemon [_thread_blocked, id=272, stack(0x000000caef300000,0x000000caef400000) (1024K)]
  0x000001e35a6607d0 JavaThread "Worker-JM"                         [_thread_blocked, id=19224, stack(0x000000caef700000,0x000000caef800000) (1024K)]
  0x000001e35a65e070 JavaThread "JNA Cleaner"                daemon [_thread_blocked, id=9416, stack(0x000000caef800000,0x000000caef900000) (1024K)]
  0x000001e35a65fab0 JavaThread "Worker-0"                          [_thread_blocked, id=8168, stack(0x000000caef600000,0x000000caef700000) (1024K)]
  0x000001e35a660140 JavaThread "Java indexing"              daemon [_thread_blocked, id=10440, stack(0x000000caefd00000,0x000000caefe00000) (1024K)]
  0x000001e361cab920 JavaThread "Worker-5"                          [_thread_blocked, id=12460, stack(0x000000caf0200000,0x000000caf0300000) (1024K)]
  0x000001e361ca91c0 JavaThread "Thread-3"                   daemon [_thread_in_native, id=13120, stack(0x000000caf0300000,0x000000caf0400000) (1024K)]
  0x000001e361ca7e10 JavaThread "Thread-4"                   daemon [_thread_in_native, id=2604, stack(0x000000caf0400000,0x000000caf0500000) (1024K)]
  0x000001e361ca63d0 JavaThread "Thread-5"                   daemon [_thread_in_native, id=14968, stack(0x000000caf0500000,0x000000caf0600000) (1024K)]
  0x000001e361ca6a60 JavaThread "Thread-6"                   daemon [_thread_in_native, id=13552, stack(0x000000caf0600000,0x000000caf0700000) (1024K)]
  0x000001e361ca84a0 JavaThread "Thread-7"                   daemon [_thread_in_native, id=14136, stack(0x000000caf0700000,0x000000caf0800000) (1024K)]
  0x000001e361ca5020 JavaThread "Thread-8"                   daemon [_thread_in_native, id=9460, stack(0x000000caf0800000,0x000000caf0900000) (1024K)]
  0x000001e361ca9ee0 JavaThread "Thread-9"                   daemon [_thread_in_native, id=6448, stack(0x000000caf0900000,0x000000caf0a00000) (1024K)]
  0x000001e361ca8b30 JavaThread "Thread-10"                  daemon [_thread_in_native, id=1672, stack(0x000000caf0a00000,0x000000caf0b00000) (1024K)]
  0x000001e361cac640 JavaThread "Thread-11"                  daemon [_thread_in_native, id=6328, stack(0x000000caf0b00000,0x000000caf0c00000) (1024K)]
  0x000001e361caac00 JavaThread "pool-2-thread-1"                   [_thread_blocked, id=12612, stack(0x000000caf0c00000,0x000000caf0d00000) (1024K)]
  0x000001e361ca70f0 JavaThread "WorkspaceEventsHandler"            [_thread_blocked, id=6248, stack(0x000000caf0d00000,0x000000caf0e00000) (1024K)]
  0x000001e361cab290 JavaThread "pool-1-thread-1"                   [_thread_blocked, id=9576, stack(0x000000caf0e00000,0x000000caf0f00000) (1024K)]
  0x000001e36c2545a0 JavaThread "LocalFile Deleter"          daemon [_thread_blocked, id=14352, stack(0x000000caf1200000,0x000000caf1300000) (1024K)]
  0x000001e36c256670 JavaThread "LocalFile Deleter"          daemon [_thread_blocked, id=5928, stack(0x000000caf1300000,0x000000caf1400000) (1024K)]
  0x000001e3636cbe00 JavaThread "Timer-0"                           [_thread_blocked, id=18304, stack(0x000000caef900000,0x000000caefa00000) (1024K)]
  0x000001e3636c9010 JavaThread "ForkJoinPool.commonPool-worker-1" daemon [_thread_blocked, id=6360, stack(0x000000caed900000,0x000000caeda00000) (1024K)]
  0x000001e362d3fdb0 JavaThread "Worker-6"                          [_thread_blocked, id=19924, stack(0x000000caed800000,0x000000caed900000) (1024K)]
  0x000001e362d3c930 JavaThread "Worker-7"                          [_thread_blocked, id=16712, stack(0x000000caed700000,0x000000caed800000) (1024K)]
  0x000001e362d3ea00 JavaThread "ForkJoinPool.commonPool-worker-8" daemon [_thread_blocked, id=636, stack(0x000000caefb00000,0x000000caefc00000) (1024K)]
  0x000001e362d3f090 JavaThread "ForkJoinPool.commonPool-worker-9" daemon [_thread_blocked, id=9716, stack(0x000000caefc00000,0x000000caefd00000) (1024K)]
  0x000001e362d3dce0 JavaThread "ForkJoinPool.commonPool-worker-10" daemon [_thread_blocked, id=4168, stack(0x000000caefe00000,0x000000caeff00000) (1024K)]
  0x000001e362d43230 JavaThread "LocalFile Deleter"          daemon [_thread_blocked, id=7220, stack(0x000000caf0100000,0x000000caf0200000) (1024K)]
  0x000001e362d41160 JavaThread "LocalFile Deleter"          daemon [_thread_blocked, id=3444, stack(0x000000caf0f00000,0x000000caf1000000) (1024K)]
  0x000001e362d3cfc0 JavaThread "LocalFile Deleter"          daemon [_thread_blocked, id=19796, stack(0x000000caf1000000,0x000000caf1100000) (1024K)]
  0x000001e362d40440 JavaThread "LocalFile Deleter"          daemon [_thread_blocked, id=13060, stack(0x000000caf1100000,0x000000caf1200000) (1024K)]
  0x000001e362d417f0 JavaThread "LocalFile Deleter"          daemon [_thread_blocked, id=13356, stack(0x000000caf1400000,0x000000caf1500000) (1024K)]
  0x000001e362d42ba0 JavaThread "LocalFile Deleter"          daemon [_thread_blocked, id=8848, stack(0x000000caf1500000,0x000000caf1600000) (1024K)]
  0x000001e36c256d00 JavaThread "ForkJoinPool.commonPool-worker-13" daemon [_thread_blocked, id=9040, stack(0x000000caf1600000,0x000000caf1700000) (1024K)]
  0x000001e36c254c30 JavaThread "Compiler Source File Reader" daemon [_thread_blocked, id=13004, stack(0x000000caef500000,0x000000caef600000) (1024K)]
  0x000001e36c2580b0 JavaThread "Compiler Source File Reader" daemon [_thread_blocked, id=12464, stack(0x000000caefa00000,0x000000caefb00000) (1024K)]
  0x000001e36c255fe0 JavaThread "Compiler Source File Reader" daemon [_thread_blocked, id=19800, stack(0x000000caf1700000,0x000000caf1800000) (1024K)]
  0x000001e36c259460 JavaThread "Compiler Source File Reader" daemon [_thread_blocked, id=7608, stack(0x000000caf1800000,0x000000caf1900000) (1024K)]
  0x000001e36c259af0 JavaThread "Compiler Source File Reader" daemon [_thread_blocked, id=17348, stack(0x000000caf1900000,0x000000caf1a00000) (1024K)]
  0x000001e36c255950 JavaThread "Compiler Source File Reader" daemon [_thread_blocked, id=18060, stack(0x000000caf1a00000,0x000000caf1b00000) (1024K)]
  0x000001e36c2531f0 JavaThread "Compiler Processing Task"   daemon [_thread_blocked, id=9456, stack(0x000000caf1c00000,0x000000caf1d00000) (1024K)]
  0x000001e36c258dd0 JavaThread "Compiler Class File Writer" daemon [_thread_blocked, id=8364, stack(0x000000caf1d00000,0x000000caf1e00000) (1024K)]
  0x000001e36c253880 JavaThread "Compiler Class File Writer" daemon [_thread_blocked, id=17440, stack(0x000000caf1e00000,0x000000caf1f00000) (1024K)]
  0x000001e35a65ed90 JavaThread "Compiler Class File Writer" daemon [_thread_blocked, id=9264, stack(0x000000caf2000000,0x000000caf2100000) (1024K)]
  0x000001e35a660e60 JavaThread "Compiler Class File Writer" daemon [_thread_blocked, id=10544, stack(0x000000caf2100000,0x000000caf2200000) (1024K)]
  0x000001e35a6614f0 JavaThread "Compiler Class File Writer" daemon [_thread_blocked, id=5208, stack(0x000000caf2200000,0x000000caf2300000) (1024K)]
  0x000001e35a65e700 JavaThread "Compiler Class File Writer" daemon [_thread_blocked, id=5216, stack(0x000000caf2300000,0x000000caf2400000) (1024K)]
  0x000001e36d038e10 JavaThread "pool-3-thread-1"                   [_thread_blocked, id=20456, stack(0x000000caeff00000,0x000000caf0000000) (1024K)]
  0x000001e36222c840 JavaThread "C2 CompilerThread1"         daemon [_thread_blocked, id=15576, stack(0x000000caf0000000,0x000000caf0100000) (1024K)]
  0x000001e36222cf10 JavaThread "C2 CompilerThread2"         daemon [_thread_blocked, id=3276, stack(0x000000caf1b00000,0x000000caf1c00000) (1024K)]
  0x000001e36d0394a0 JavaThread "Framework stop - Equinox Container: 60e07d94-d379-4897-a50a-e9b16a3a7320"        [_thread_blocked, id=12072, stack(0x000000caf1f00000,0x000000caf2000000) (1024K)]
  0x000001e36d035300 JavaThread "SCR Component Registry"     daemon [_thread_blocked, id=13544, stack(0x000000caf2400000,0x000000caf2500000) (1024K)]
Total: 68

Other Threads:
  0x000001e3588e1c50 VMThread "VM Thread"                           [id=12048, stack(0x000000caedd00000,0x000000caede00000) (1024K)]
  0x000001e3445bb080 WatcherThread "VM Periodic Task Thread"        [id=20460, stack(0x000000caedc00000,0x000000caedd00000) (1024K)]
  0x000001e34456c750 WorkerThread "GC Thread#0"                     [id=10020, stack(0x000000caedb00000,0x000000caedc00000) (1024K)]
  0x000001e35adc41a0 WorkerThread "GC Thread#1"                     [id=10192, stack(0x000000caeea00000,0x000000caeeb00000) (1024K)]
  0x000001e35ae7cef0 WorkerThread "GC Thread#2"                     [id=2620, stack(0x000000caeeb00000,0x000000caeec00000) (1024K)]
  0x000001e35ae7d290 WorkerThread "GC Thread#3"                     [id=7964, stack(0x000000caeec00000,0x000000caeed00000) (1024K)]
  0x000001e35ae7d630 WorkerThread "GC Thread#4"                     [id=12388, stack(0x000000caeed00000,0x000000caeee00000) (1024K)]
  0x000001e35ae7d9d0 WorkerThread "GC Thread#5"                     [id=13868, stack(0x000000caeee00000,0x000000caeef00000) (1024K)]
=>0x000001e35ae7dd70 WorkerThread "GC Thread#6"                     [id=7932, stack(0x000000caeef00000,0x000000caef000000) (1024K)]
  0x000001e35f06f9c0 WorkerThread "GC Thread#7"                     [id=9092, stack(0x000000caee900000,0x000000caeea00000) (1024K)]
Total: 10

Threads with active compile tasks:
C2 CompilerThread0  583416 22403       4       com.google.inject.TypeLiteral::<init> (43 bytes)
C2 CompilerThread1  583416 22402       4       com.google.inject.TypeLiteral::get (9 bytes)
C2 CompilerThread2  583416 22401       4       com.google.inject.internal.MoreTypes::canonicalize (143 bytes)
Total: 3

VM state: at safepoint (normal execution)

VM Mutex/Monitor currently owned by a thread:  ([mutex/lock_event])
[0x00007ffddd65e308] Threads_lock - owner thread: 0x000001e3588e1c50
[0x00007ffddd65e408] Heap_lock - owner thread: 0x000001e36d0394a0

Heap address: 0x00000000c0000000, size: 1024 MB, Compressed Oops mode: 32-bit

CDS archive(s) mapped at: [0x000001e300000000-0x000001e300ba0000-0x000001e300ba0000), size 12189696, SharedBaseAddress: 0x000001e300000000, ArchiveRelocationMode: 1.
Compressed class space mapped at: 0x000001e301000000-0x000001e341000000, reserved size: 1073741824
Narrow klass base: 0x000001e300000000, Narrow klass shift: 0, Narrow klass range: 0x100000000

GC Precious Log:
 CardTable entry size: 512
 CPUs: 8 total, 8 available
 Memory: 16321M
 Large Page Support: Disabled
 NUMA Support: Disabled
 Compressed Oops: Enabled (32-bit)
 Alignments: Space 512K, Generation 512K, Heap 2M
 Heap Min Capacity: 100M
 Heap Initial Capacity: 100M
 Heap Max Capacity: 1G
 Pre-touch: Disabled
 Parallel Workers: 8

Heap:
 PSYoungGen      total 4096K, used 3232K [0x00000000eab00000, 0x00000000eb080000, 0x0000000100000000)
  eden space 3072K, 100% used [0x00000000eab00000,0x00000000eae00000,0x00000000eae00000)
  from space 1024K, 15% used [0x00000000eae80000,0x00000000eaea8000,0x00000000eaf80000)
  to   space 512K, 68% used [0x00000000eb000000,0x00000000eb058000,0x00000000eb080000)
 ParOldGen       total 565760K, used 565701K [0x00000000c0000000, 0x00000000e2880000, 0x00000000eab00000)
  object space 565760K, 99% used [0x00000000c0000000,0x00000000e2871590,0x00000000e2880000)
 Metaspace       used 75202K, committed 76800K, reserved 1179648K
  class space    used 7628K, committed 8384K, reserved 1048576K

Card table byte_map: [0x000001e343f20000,0x000001e344130000] _byte_map_base: 0x000001e343920000

Marking Bits: (ParMarkBitMap*) 0x00007ffddd6631f0
 Begin Bits: [0x000001e356740000, 0x000001e357740000)
 End Bits:   [0x000001e357740000, 0x000001e358740000)

Polling page: 0x000001e343d10000

Metaspace:

Usage:
  Non-class:     65.99 MB used.
      Class:      7.45 MB used.
       Both:     73.44 MB used.

Virtual space:
  Non-class space:      128.00 MB reserved,      66.81 MB ( 52%) committed,  2 nodes.
      Class space:        1.00 GB reserved,       8.19 MB ( <1%) committed,  1 nodes.
             Both:        1.12 GB reserved,      75.00 MB (  7%) committed. 

Chunk freelists:
   Non-Class:  13.19 MB
       Class:  7.66 MB
        Both:  20.85 MB

MaxMetaspaceSize: unlimited
CompressedClassSpaceSize: 1.00 GB
Initial GC threshold: 21.00 MB
Current GC threshold: 124.06 MB
CDS: on
 - commit_granule_bytes: 65536.
 - commit_granule_words: 8192.
 - virtual_space_node_default_size: 8388608.
 - enlarge_chunks_in_place: 1.
 - use_allocation_guard: 0.


Internal statistics:

num_allocs_failed_limit: 9.
num_arena_births: 1422.
num_arena_deaths: 14.
num_vsnodes_births: 3.
num_vsnodes_deaths: 0.
num_space_committed: 1200.
num_space_uncommitted: 0.
num_chunks_returned_to_freelist: 23.
num_chunks_taken_from_freelist: 4967.
num_chunk_merges: 15.
num_chunk_splits: 3104.
num_chunks_enlarged: 1854.
num_inconsistent_stats: 0.

CodeHeap 'non-profiled nmethods': size=120000Kb used=21661Kb max_used=24187Kb free=98338Kb
 bounds [0x000001e34f210000, 0x000001e3509b0000, 0x000001e356740000]
CodeHeap 'profiled nmethods': size=120000Kb used=34550Kb max_used=41725Kb free=85449Kb
 bounds [0x000001e347740000, 0x000001e34a030000, 0x000001e34ec70000]
CodeHeap 'non-nmethods': size=5760Kb used=1450Kb max_used=1551Kb free=4309Kb
 bounds [0x000001e34ec70000, 0x000001e34eee0000, 0x000001e34f210000]
 total_blobs=14658 nmethods=13902 adapters=659
 compilation: enabled
              stopped_count=0, restarted_count=0
 full_count=0

Compilation events (20 events):
Event: 583.369 Thread 0x000001e35a2f1770 22424       1       org.apache.felix.scr.impl.manager.RegistrationManager$RegStateWrapper::getRegState (5 bytes)
Event: 583.369 Thread 0x000001e35a2f1770 nmethod 22424 0x000001e34f456890 code [0x000001e34f456a20, 0x000001e34f456ae8]
Event: 583.369 Thread 0x000001e35a2f1770 22425       1       org.apache.felix.scr.impl.inject.BaseParameter::getComponentContext (5 bytes)
Event: 583.369 Thread 0x000001e35a2f1770 nmethod 22425 0x000001e34f45ae10 code [0x000001e34f45afa0, 0x000001e34f45b068]
Event: 583.369 Thread 0x000001e35a2f1770 22426       1       org.apache.felix.scr.impl.manager.ConfigurableComponentHolder::getComponentMetadata (5 bytes)
Event: 583.369 Thread 0x000001e35a2f1770 nmethod 22426 0x000001e34f45b510 code [0x000001e34f45b6a0, 0x000001e34f45b768]
Event: 583.370 Thread 0x000001e35a2f1770 22427       3       org.eclipse.osgi.internal.serviceregistry.ServiceUse::inUse (11 bytes)
Event: 583.370 Thread 0x000001e35a2f1770 nmethod 22427 0x000001e347c39d10 code [0x000001e347c39ec0, 0x000001e347c3a030]
Event: 583.370 Thread 0x000001e35a2f1770 22428       1       org.apache.felix.scr.impl.metadata.ComponentMetadata::getServiceMetadata (5 bytes)
Event: 583.370 Thread 0x000001e35a2f1770 nmethod 22428 0x000001e34f45bf90 code [0x000001e34f45c120, 0x000001e34f45c1e8]
Event: 583.370 Thread 0x000001e35a2f1770 22429       2       java.util.TreeMap::compare (32 bytes)
Event: 583.370 Thread 0x000001e35a2f1770 nmethod 22429 0x000001e348521e90 code [0x000001e348522060, 0x000001e348522250]
Event: 583.370 Thread 0x000001e35a2f1770 22430       1       org.apache.felix.scr.impl.manager.AbstractComponentManager::isFactory (2 bytes)
Event: 583.370 Thread 0x000001e35a2f1770 nmethod 22430 0x000001e34f45c990 code [0x000001e34f45cb20, 0x000001e34f45cbe8]
Event: 583.371 Thread 0x000001e36222c840 nmethod 22395 0x000001e34f8b7e10 code [0x000001e34f8b7fe0, 0x000001e34f8b82e8]
Event: 583.371 Thread 0x000001e36222c840 22419   !   4       org.eclipse.osgi.internal.serviceregistry.ServiceRegistrationImpl::getRanking (17 bytes)
Event: 583.372 Thread 0x000001e36222c840 nmethod 22419 0x000001e34f707b90 code [0x000001e34f707d20, 0x000001e34f707f18]
Event: 583.372 Thread 0x000001e36222c840 22407       4       org.eclipse.sisu.inject.TypeArguments::isAssignableFrom (161 bytes)
Event: 583.374 Thread 0x000001e36222c840 nmethod 22407 0x000001e34f8d4710 code [0x000001e34f8d48a0, 0x000001e34f8d4a18]
Event: 583.374 Thread 0x000001e36222c840 22402       4       com.google.inject.TypeLiteral::get (9 bytes)

GC Heap History (20 events):
Event: 576.942 GC heap after
{Heap after GC invocations=6567 (full 7):
 PSYoungGen      total 2048K, used 1019K [0x00000000eab00000, 0x00000000eb100000, 0x0000000100000000)
  eden space 1024K, 0% used [0x00000000eab00000,0x00000000eab00000,0x00000000eac00000)
  from space 1024K, 99% used [0x00000000eae00000,0x00000000eaefec20,0x00000000eaf00000)
  to   space 2048K, 0% used [0x00000000eac00000,0x00000000eac00000,0x00000000eae00000)
 ParOldGen       total 560128K, used 559730K [0x00000000c0000000, 0x00000000e2300000, 0x00000000eab00000)
  object space 560128K, 99% used [0x00000000c0000000,0x00000000e229c9f8,0x00000000e2300000)
 Metaspace       used 74933K, committed 76416K, reserved 1179648K
  class space    used 7588K, committed 8256K, reserved 1048576K
}
Event: 576.944 GC heap before
{Heap before GC invocations=6568 (full 7):
 PSYoungGen      total 2048K, used 2043K [0x00000000eab00000, 0x00000000eb100000, 0x0000000100000000)
  eden space 1024K, 100% used [0x00000000eab00000,0x00000000eac00000,0x00000000eac00000)
  from space 1024K, 99% used [0x00000000eae00000,0x00000000eaefec20,0x00000000eaf00000)
  to   space 2048K, 0% used [0x00000000eac00000,0x00000000eac00000,0x00000000eae00000)
 ParOldGen       total 560128K, used 559730K [0x00000000c0000000, 0x00000000e2300000, 0x00000000eab00000)
  object space 560128K, 99% used [0x00000000c0000000,0x00000000e229c9f8,0x00000000e2300000)
 Metaspace       used 74933K, committed 76416K, reserved 1179648K
  class space    used 7588K, committed 8256K, reserved 1048576K
}
Event: 576.946 GC heap after
{Heap after GC invocations=6568 (full 7):
 PSYoungGen      total 2048K, used 512K [0x00000000eab00000, 0x00000000eae80000, 0x0000000100000000)
  eden space 1024K, 0% used [0x00000000eab00000,0x00000000eab00000,0x00000000eac00000)
  from space 1024K, 50% used [0x00000000eac00000,0x00000000eac80010,0x00000000ead00000)
  to   space 1024K, 0% used [0x00000000ead80000,0x00000000ead80000,0x00000000eae80000)
 ParOldGen       total 561152K, used 560731K [0x00000000c0000000, 0x00000000e2400000, 0x00000000eab00000)
  object space 561152K, 99% used [0x00000000c0000000,0x00000000e2396ee0,0x00000000e2400000)
 Metaspace       used 74933K, committed 76416K, reserved 1179648K
  class space    used 7588K, committed 8256K, reserved 1048576K
}
Event: 576.950 GC heap before
{Heap before GC invocations=6569 (full 7):
 PSYoungGen      total 2048K, used 1536K [0x00000000eab00000, 0x00000000eae80000, 0x0000000100000000)
  eden space 1024K, 100% used [0x00000000eab00000,0x00000000eac00000,0x00000000eac00000)
  from space 1024K, 50% used [0x00000000eac00000,0x00000000eac80010,0x00000000ead00000)
  to   space 1024K, 0% used [0x00000000ead80000,0x00000000ead80000,0x00000000eae80000)
 ParOldGen       total 561152K, used 560731K [0x00000000c0000000, 0x00000000e2400000, 0x00000000eab00000)
  object space 561152K, 99% used [0x00000000c0000000,0x00000000e2396ee0,0x00000000e2400000)
 Metaspace       used 74933K, committed 76416K, reserved 1179648K
  class space    used 7588K, committed 8256K, reserved 1048576K
}
Event: 576.951 GC heap after
{Heap after GC invocations=6569 (full 7):
 PSYoungGen      total 2560K, used 719K [0x00000000eab00000, 0x00000000eae80000, 0x0000000100000000)
  eden space 1536K, 0% used [0x00000000eab00000,0x00000000eab00000,0x00000000eac80000)
  from space 1024K, 70% used [0x00000000ead80000,0x00000000eae33fb0,0x00000000eae80000)
  to   space 1024K, 0% used [0x00000000eac80000,0x00000000eac80000,0x00000000ead80000)
 ParOldGen       total 561152K, used 561139K [0x00000000c0000000, 0x00000000e2400000, 0x00000000eab00000)
  object space 561152K, 99% used [0x00000000c0000000,0x00000000e23fcf00,0x00000000e2400000)
 Metaspace       used 74933K, committed 76416K, reserved 1179648K
  class space    used 7588K, committed 8256K, reserved 1048576K
}
Event: 576.956 GC heap before
{Heap before GC invocations=6570 (full 7):
 PSYoungGen      total 2560K, used 2255K [0x00000000eab00000, 0x00000000eae80000, 0x0000000100000000)
  eden space 1536K, 100% used [0x00000000eab00000,0x00000000eac80000,0x00000000eac80000)
  from space 1024K, 70% used [0x00000000ead80000,0x00000000eae33fb0,0x00000000eae80000)
  to   space 1024K, 0% used [0x00000000eac80000,0x00000000eac80000,0x00000000ead80000)
 ParOldGen       total 561152K, used 561139K [0x00000000c0000000, 0x00000000e2400000, 0x00000000eab00000)
  object space 561152K, 99% used [0x00000000c0000000,0x00000000e23fcf00,0x00000000e2400000)
 Metaspace       used 74933K, committed 76416K, reserved 1179648K
  class space    used 7588K, committed 8256K, reserved 1048576K
}
Event: 576.958 GC heap after
{Heap after GC invocations=6570 (full 7):
 PSYoungGen      total 2560K, used 1000K [0x00000000eab00000, 0x00000000eb100000, 0x0000000100000000)
  eden space 1536K, 0% used [0x00000000eab00000,0x00000000eab00000,0x00000000eac80000)
  from space 1024K, 97% used [0x00000000eac80000,0x00000000ead7a0c0,0x00000000ead80000)
  to   space 2048K, 0% used [0x00000000eaf00000,0x00000000eaf00000,0x00000000eb100000)
 ParOldGen       total 562176K, used 561836K [0x00000000c0000000, 0x00000000e2500000, 0x00000000eab00000)
  object space 562176K, 99% used [0x00000000c0000000,0x00000000e24ab060,0x00000000e2500000)
 Metaspace       used 74933K, committed 76416K, reserved 1179648K
  class space    used 7588K, committed 8256K, reserved 1048576K
}
Event: 576.963 GC heap before
{Heap before GC invocations=6571 (full 7):
 PSYoungGen      total 2560K, used 2536K [0x00000000eab00000, 0x00000000eb100000, 0x0000000100000000)
  eden space 1536K, 100% used [0x00000000eab00000,0x00000000eac80000,0x00000000eac80000)
  from space 1024K, 97% used [0x00000000eac80000,0x00000000ead7a0c0,0x00000000ead80000)
  to   space 2048K, 0% used [0x00000000eaf00000,0x00000000eaf00000,0x00000000eb100000)
 ParOldGen       total 562176K, used 561836K [0x00000000c0000000, 0x00000000e2500000, 0x00000000eab00000)
  object space 562176K, 99% used [0x00000000c0000000,0x00000000e24ab060,0x00000000e2500000)
 Metaspace       used 74933K, committed 76416K, reserved 1179648K
  class space    used 7588K, committed 8256K, reserved 1048576K
}
Event: 576.965 GC heap after
{Heap after GC invocations=6571 (full 7):
 PSYoungGen      total 3072K, used 757K [0x00000000eab00000, 0x00000000eb000000, 0x0000000100000000)
  eden space 2048K, 0% used [0x00000000eab00000,0x00000000eab00000,0x00000000ead00000)
  from space 1024K, 73% used [0x00000000eaf00000,0x00000000eafbd5b8,0x00000000eb000000)
  to   space 1536K, 0% used [0x00000000ead00000,0x00000000ead00000,0x00000000eae80000)
 ParOldGen       total 563200K, used 562712K [0x00000000c0000000, 0x00000000e2600000, 0x00000000eab00000)
  object space 563200K, 99% used [0x00000000c0000000,0x00000000e2586328,0x00000000e2600000)
 Metaspace       used 74933K, committed 76416K, reserved 1179648K
  class space    used 7588K, committed 8256K, reserved 1048576K
}
Event: 576.971 GC heap before
{Heap before GC invocations=6572 (full 7):
 PSYoungGen      total 3072K, used 2805K [0x00000000eab00000, 0x00000000eb000000, 0x0000000100000000)
  eden space 2048K, 100% used [0x00000000eab00000,0x00000000ead00000,0x00000000ead00000)
  from space 1024K, 73% used [0x00000000eaf00000,0x00000000eafbd5b8,0x00000000eb000000)
  to   space 1536K, 0% used [0x00000000ead00000,0x00000000ead00000,0x00000000eae80000)
 ParOldGen       total 563200K, used 562712K [0x00000000c0000000, 0x00000000e2600000, 0x00000000eab00000)
  object space 563200K, 99% used [0x00000000c0000000,0x00000000e2586328,0x00000000e2600000)
 Metaspace       used 74933K, committed 76416K, reserved 1179648K
  class space    used 7588K, committed 8256K, reserved 1048576K
}
Event: 576.972 GC heap after
{Heap after GC invocations=6572 (full 7):
 PSYoungGen      total 3584K, used 996K [0x00000000eab00000, 0x00000000eb080000, 0x0000000100000000)
  eden space 2048K, 0% used [0x00000000eab00000,0x00000000eab00000,0x00000000ead00000)
  from space 1536K, 64% used [0x00000000ead00000,0x00000000eadf9188,0x00000000eae80000)
  to   space 1536K, 0% used [0x00000000eaf00000,0x00000000eaf00000,0x00000000eb080000)
 ParOldGen       total 563712K, used 563372K [0x00000000c0000000, 0x00000000e2680000, 0x00000000eab00000)
  object space 563712K, 99% used [0x00000000c0000000,0x00000000e262b390,0x00000000e2680000)
 Metaspace       used 74933K, committed 76416K, reserved 1179648K
  class space    used 7588K, committed 8256K, reserved 1048576K
}
Event: 576.982 GC heap before
{Heap before GC invocations=6573 (full 7):
 PSYoungGen      total 3584K, used 3044K [0x00000000eab00000, 0x00000000eb080000, 0x0000000100000000)
  eden space 2048K, 100% used [0x00000000eab00000,0x00000000ead00000,0x00000000ead00000)
  from space 1536K, 64% used [0x00000000ead00000,0x00000000eadf9188,0x00000000eae80000)
  to   space 1536K, 0% used [0x00000000eaf00000,0x00000000eaf00000,0x00000000eb080000)
 ParOldGen       total 563712K, used 563372K [0x00000000c0000000, 0x00000000e2680000, 0x00000000eab00000)
  object space 563712K, 99% used [0x00000000c0000000,0x00000000e262b390,0x00000000e2680000)
 Metaspace       used 74934K, committed 76416K, reserved 1179648K
  class space    used 7588K, committed 8256K, reserved 1048576K
}
Event: 576.985 GC heap after
{Heap after GC invocations=6573 (full 7):
 PSYoungGen      total 3584K, used 576K [0x00000000eab00000, 0x00000000eb000000, 0x0000000100000000)
  eden space 2560K, 0% used [0x00000000eab00000,0x00000000eab00000,0x00000000ead80000)
  from space 1024K, 56% used [0x00000000eaf00000,0x00000000eaf90000,0x00000000eb000000)
  to   space 1024K, 0% used [0x00000000eae00000,0x00000000eae00000,0x00000000eaf00000)
 ParOldGen       total 564224K, used 564180K [0x00000000c0000000, 0x00000000e2700000, 0x00000000eab00000)
  object space 564224K, 99% used [0x00000000c0000000,0x00000000e26f52d8,0x00000000e2700000)
 Metaspace       used 74934K, committed 76416K, reserved 1179648K
  class space    used 7588K, committed 8256K, reserved 1048576K
}
Event: 576.993 GC heap before
{Heap before GC invocations=6574 (full 7):
 PSYoungGen      total 3584K, used 3136K [0x00000000eab00000, 0x00000000eb000000, 0x0000000100000000)
  eden space 2560K, 100% used [0x00000000eab00000,0x00000000ead80000,0x00000000ead80000)
  from space 1024K, 56% used [0x00000000eaf00000,0x00000000eaf90000,0x00000000eb000000)
  to   space 1024K, 0% used [0x00000000eae00000,0x00000000eae00000,0x00000000eaf00000)
 ParOldGen       total 564224K, used 564180K [0x00000000c0000000, 0x00000000e2700000, 0x00000000eab00000)
  object space 564224K, 99% used [0x00000000c0000000,0x00000000e26f52d8,0x00000000e2700000)
 Metaspace       used 74934K, committed 76416K, reserved 1179648K
  class space    used 7588K, committed 8256K, reserved 1048576K
}
Event: 576.995 GC heap after
{Heap after GC invocations=6574 (full 7):
 PSYoungGen      total 4096K, used 1017K [0x00000000eab00000, 0x00000000eb200000, 0x0000000100000000)
  eden space 3072K, 0% used [0x00000000eab00000,0x00000000eab00000,0x00000000eae00000)
  from space 1024K, 99% used [0x00000000eae00000,0x00000000eaefe620,0x00000000eaf00000)
  to   space 2048K, 0% used [0x00000000eb000000,0x00000000eb000000,0x00000000eb200000)
 ParOldGen       total 564736K, used 564704K [0x00000000c0000000, 0x00000000e2780000, 0x00000000eab00000)
  object space 564736K, 99% used [0x00000000c0000000,0x00000000e27782e8,0x00000000e2780000)
 Metaspace       used 74934K, committed 76416K, reserved 1179648K
  class space    used 7588K, committed 8256K, reserved 1048576K
}
Event: 583.031 GC heap before
{Heap before GC invocations=6575 (full 7):
 PSYoungGen      total 4096K, used 4089K [0x00000000eab00000, 0x00000000eb200000, 0x0000000100000000)
  eden space 3072K, 99% used [0x00000000eab00000,0x00000000eadffff8,0x00000000eae00000)
  from space 1024K, 99% used [0x00000000eae00000,0x00000000eaefe620,0x00000000eaf00000)
  to   space 2048K, 0% used [0x00000000eb000000,0x00000000eb000000,0x00000000eb200000)
 ParOldGen       total 564736K, used 564704K [0x00000000c0000000, 0x00000000e2780000, 0x00000000eab00000)
  object space 564736K, 99% used [0x00000000c0000000,0x00000000e27782e8,0x00000000e2780000)
 Metaspace       used 75020K, committed 76544K, reserved 1179648K
  class space    used 7606K, committed 8320K, reserved 1048576K
}
Event: 583.033 GC heap after
{Heap after GC invocations=6575 (full 7):
 PSYoungGen      total 3584K, used 292K [0x00000000eab00000, 0x00000000eb080000, 0x0000000100000000)
  eden space 3072K, 0% used [0x00000000eab00000,0x00000000eab00000,0x00000000eae00000)
  from space 512K, 57% used [0x00000000eb000000,0x00000000eb049008,0x00000000eb080000)
  to   space 1024K, 0% used [0x00000000eae80000,0x00000000eae80000,0x00000000eaf80000)
 ParOldGen       total 565760K, used 565490K [0x00000000c0000000, 0x00000000e2880000, 0x00000000eab00000)
  object space 565760K, 99% used [0x00000000c0000000,0x00000000e283ca30,0x00000000e2880000)
 Metaspace       used 75020K, committed 76544K, reserved 1179648K
  class space    used 7606K, committed 8320K, reserved 1048576K
}
Event: 583.148 GC heap before
{Heap before GC invocations=6576 (full 7):
 PSYoungGen      total 3584K, used 3364K [0x00000000eab00000, 0x00000000eb080000, 0x0000000100000000)
  eden space 3072K, 100% used [0x00000000eab00000,0x00000000eae00000,0x00000000eae00000)
  from space 512K, 57% used [0x00000000eb000000,0x00000000eb049008,0x00000000eb080000)
  to   space 1024K, 0% used [0x00000000eae80000,0x00000000eae80000,0x00000000eaf80000)
 ParOldGen       total 565760K, used 565490K [0x00000000c0000000, 0x00000000e2880000, 0x00000000eab00000)
  object space 565760K, 99% used [0x00000000c0000000,0x00000000e283ca30,0x00000000e2880000)
 Metaspace       used 75040K, committed 76672K, reserved 1179648K
  class space    used 7608K, committed 8384K, reserved 1048576K
}
Event: 583.150 GC heap after
{Heap after GC invocations=6576 (full 7):
 PSYoungGen      total 4096K, used 160K [0x00000000eab00000, 0x00000000eb080000, 0x0000000100000000)
  eden space 3072K, 0% used [0x00000000eab00000,0x00000000eab00000,0x00000000eae00000)
  from space 1024K, 15% used [0x00000000eae80000,0x00000000eaea8000,0x00000000eaf80000)
  to   space 512K, 0% used [0x00000000eb000000,0x00000000eb000000,0x00000000eb080000)
 ParOldGen       total 565760K, used 565669K [0x00000000c0000000, 0x00000000e2880000, 0x00000000eab00000)
  object space 565760K, 99% used [0x00000000c0000000,0x00000000e2869590,0x00000000e2880000)
 Metaspace       used 75040K, committed 76672K, reserved 1179648K
  class space    used 7608K, committed 8384K, reserved 1048576K
}
Event: 583.374 GC heap before
{Heap before GC invocations=6577 (full 7):
 PSYoungGen      total 4096K, used 3232K [0x00000000eab00000, 0x00000000eb080000, 0x0000000100000000)
  eden space 3072K, 100% used [0x00000000eab00000,0x00000000eae00000,0x00000000eae00000)
  from space 1024K, 15% used [0x00000000eae80000,0x00000000eaea8000,0x00000000eaf80000)
  to   space 512K, 0% used [0x00000000eb000000,0x00000000eb000000,0x00000000eb080000)
 ParOldGen       total 565760K, used 565669K [0x00000000c0000000, 0x00000000e2880000, 0x00000000eab00000)
  object space 565760K, 99% used [0x00000000c0000000,0x00000000e2869590,0x00000000e2880000)
 Metaspace       used 75202K, committed 76800K, reserved 1179648K
  class space    used 7628K, committed 8384K, reserved 1048576K
}

Dll operation events (13 events):
Event: 0.009 Loaded shared library c:\Users\Hamza tabani\.vscode\extensions\redhat.java-1.42.0-win32-x64\jre\21.0.7-win32-x86_64\bin\java.dll
Event: 0.092 Loaded shared library c:\Users\Hamza tabani\.vscode\extensions\redhat.java-1.42.0-win32-x64\jre\21.0.7-win32-x86_64\bin\zip.dll
Event: 0.118 Loaded shared library C:\Users\Hamza tabani\.vscode\extensions\redhat.java-1.42.0-win32-x64\jre\21.0.7-win32-x86_64\bin\instrument.dll
Event: 0.123 Loaded shared library C:\Users\Hamza tabani\.vscode\extensions\redhat.java-1.42.0-win32-x64\jre\21.0.7-win32-x86_64\bin\net.dll
Event: 0.125 Loaded shared library C:\Users\Hamza tabani\.vscode\extensions\redhat.java-1.42.0-win32-x64\jre\21.0.7-win32-x86_64\bin\nio.dll
Event: 0.127 Loaded shared library C:\Users\Hamza tabani\.vscode\extensions\redhat.java-1.42.0-win32-x64\jre\21.0.7-win32-x86_64\bin\zip.dll
Event: 0.143 Loaded shared library C:\Users\Hamza tabani\.vscode\extensions\redhat.java-1.42.0-win32-x64\jre\21.0.7-win32-x86_64\bin\jimage.dll
Event: 0.219 Loaded shared library c:\Users\Hamza tabani\.vscode\extensions\redhat.java-1.42.0-win32-x64\jre\21.0.7-win32-x86_64\bin\verify.dll
Event: 5.377 Loaded shared library C:\Users\Hamza tabani\AppData\Roaming\Code\User\globalStorage\redhat.java\1.42.0\config_win\org.eclipse.equinox.launcher\org.eclipse.equinox.launcher.win32.win32.x86_64_1.2.1300.v20250331-1702\eclipse_11911.dll
Event: 13.570 Loaded shared library C:\Users\Hamza tabani\AppData\Local\Temp\jna-84987212\jna6000112533274724634.dll
Event: 54.912 Loaded shared library C:\Users\Hamza tabani\.gradle\native\1def1411415f61bf3af743bc5b6707747c0891f09f0c88961ee8f79bc544acac\windows-amd64\native-platform.dll
Event: 65.206 Loaded shared library C:\Users\Hamza tabani\.vscode\extensions\redhat.java-1.42.0-win32-x64\jre\21.0.7-win32-x86_64\bin\management.dll
Event: 65.210 Loaded shared library C:\Users\Hamza tabani\.vscode\extensions\redhat.java-1.42.0-win32-x64\jre\21.0.7-win32-x86_64\bin\management_ext.dll

Deoptimization events (20 events):
Event: 583.354 Thread 0x000001e36d0394a0 Uncommon trap: trap_request=0xffffffc6 fr.pc=0x000001e3501d6784 relative=0x00000000000002a4
Event: 583.354 Thread 0x000001e36d0394a0 Uncommon trap: reason=bimorphic_or_optimized_type_check action=maybe_recompile pc=0x000001e3501d6784 method=java.util.TreeMap.compare(Ljava/lang/Object;Ljava/lang/Object;)I @ 26 c2
Event: 583.354 Thread 0x000001e36d0394a0 DEOPT PACKING pc=0x000001e3501d6784 sp=0x000000caf1ffd9d0
Event: 583.354 Thread 0x000001e36d0394a0 DEOPT UNPACKING pc=0x000001e34ecc3aa2 sp=0x000000caf1ffd8f8 mode 2
Event: 583.354 Thread 0x000001e36d0394a0 Uncommon trap: trap_request=0xffffffc6 fr.pc=0x000001e3501d6784 relative=0x00000000000002a4
Event: 583.354 Thread 0x000001e36d0394a0 Uncommon trap: reason=bimorphic_or_optimized_type_check action=maybe_recompile pc=0x000001e3501d6784 method=java.util.TreeMap.compare(Ljava/lang/Object;Ljava/lang/Object;)I @ 26 c2
Event: 583.354 Thread 0x000001e36d0394a0 DEOPT PACKING pc=0x000001e3501d6784 sp=0x000000caf1ffd9d0
Event: 583.354 Thread 0x000001e36d0394a0 DEOPT UNPACKING pc=0x000001e34ecc3aa2 sp=0x000000caf1ffd8f8 mode 2
Event: 583.358 Thread 0x000001e36d0394a0 Uncommon trap: trap_request=0xffffffc6 fr.pc=0x000001e3501d6784 relative=0x00000000000002a4
Event: 583.358 Thread 0x000001e36d0394a0 Uncommon trap: reason=bimorphic_or_optimized_type_check action=maybe_recompile pc=0x000001e3501d6784 method=java.util.TreeMap.compare(Ljava/lang/Object;Ljava/lang/Object;)I @ 26 c2
Event: 583.358 Thread 0x000001e36d0394a0 DEOPT PACKING pc=0x000001e3501d6784 sp=0x000000caf1ffd9d0
Event: 583.358 Thread 0x000001e36d0394a0 DEOPT UNPACKING pc=0x000001e34ecc3aa2 sp=0x000000caf1ffd8f8 mode 2
Event: 583.358 Thread 0x000001e36d0394a0 Uncommon trap: trap_request=0xffffffc6 fr.pc=0x000001e3501d6784 relative=0x00000000000002a4
Event: 583.358 Thread 0x000001e36d0394a0 Uncommon trap: reason=bimorphic_or_optimized_type_check action=maybe_recompile pc=0x000001e3501d6784 method=java.util.TreeMap.compare(Ljava/lang/Object;Ljava/lang/Object;)I @ 26 c2
Event: 583.358 Thread 0x000001e36d0394a0 DEOPT PACKING pc=0x000001e3501d6784 sp=0x000000caf1ffd9d0
Event: 583.358 Thread 0x000001e36d0394a0 DEOPT UNPACKING pc=0x000001e34ecc3aa2 sp=0x000000caf1ffd8f8 mode 2
Event: 583.358 Thread 0x000001e36d0394a0 Uncommon trap: trap_request=0xffffffc6 fr.pc=0x000001e3501787a0 relative=0x00000000000006a0
Event: 583.358 Thread 0x000001e36d0394a0 Uncommon trap: reason=bimorphic_or_optimized_type_check action=maybe_recompile pc=0x000001e3501787a0 method=java.util.TreeMap.compare(Ljava/lang/Object;Ljava/lang/Object;)I @ 26 c2
Event: 583.358 Thread 0x000001e36d0394a0 DEOPT PACKING pc=0x000001e3501787a0 sp=0x000000caf1ffd960
Event: 583.358 Thread 0x000001e36d0394a0 DEOPT UNPACKING pc=0x000001e34ecc3aa2 sp=0x000000caf1ffd8f0 mode 2

Classes loaded (20 events):
Event: 449.314 Loading class java/util/ArrayDeque$DeqSpliterator
Event: 449.315 Loading class java/util/ArrayDeque$DeqSpliterator done
Event: 454.138 Loading class java/lang/invoke/MethodHandleImpl$CountingWrapper$1
Event: 454.138 Loading class java/lang/invoke/MethodHandleImpl$CountingWrapper$1 done
Event: 455.705 Loading class java/nio/file/Path$1
Event: 455.705 Loading class java/nio/file/Path$1 done
Event: 469.098 Loading class java/nio/channels/CompletionHandler
Event: 469.098 Loading class java/nio/channels/CompletionHandler done
Event: 517.272 Loading class java/lang/UnsupportedClassVersionError
Event: 517.272 Loading class java/lang/UnsupportedClassVersionError done
Event: 582.988 Loading class java/util/concurrent/Executors$DelegatedScheduledExecutorService
Event: 582.988 Loading class java/util/concurrent/Executors$DelegatedExecutorService
Event: 582.988 Loading class java/util/concurrent/Executors$DelegatedExecutorService done
Event: 582.988 Loading class java/util/concurrent/Executors$DelegatedScheduledExecutorService done
Event: 583.142 Loading class java/util/Collections$EmptyListIterator
Event: 583.142 Loading class java/util/Collections$EmptyListIterator done
Event: 583.299 Loading class java/util/stream/Nodes$ToArrayTask$OfRef
Event: 583.300 Loading class java/util/stream/Nodes$ToArrayTask
Event: 583.300 Loading class java/util/stream/Nodes$ToArrayTask done
Event: 583.300 Loading class java/util/stream/Nodes$ToArrayTask$OfRef done

Classes unloaded (7 events):
Event: 20.684 Thread 0x000001e3588e1c50 Unloading class 0x000001e3011a4400 'java/lang/invoke/LambdaForm$MH+0x000001e3011a4400'
Event: 20.684 Thread 0x000001e3588e1c50 Unloading class 0x000001e3011a4000 'java/lang/invoke/LambdaForm$MH+0x000001e3011a4000'
Event: 20.684 Thread 0x000001e3588e1c50 Unloading class 0x000001e3011a3c00 'java/lang/invoke/LambdaForm$MH+0x000001e3011a3c00'
Event: 20.684 Thread 0x000001e3588e1c50 Unloading class 0x000001e3011a3800 'java/lang/invoke/LambdaForm$MH+0x000001e3011a3800'
Event: 20.684 Thread 0x000001e3588e1c50 Unloading class 0x000001e3011a3400 'java/lang/invoke/LambdaForm$BMH+0x000001e3011a3400'
Event: 20.684 Thread 0x000001e3588e1c50 Unloading class 0x000001e3011a3000 'java/lang/invoke/LambdaForm$DMH+0x000001e3011a3000'
Event: 20.684 Thread 0x000001e3588e1c50 Unloading class 0x000001e3011a1c00 'java/lang/invoke/LambdaForm$DMH+0x000001e3011a1c00'

Classes redefined (0 events):
No events

Internal exceptions (20 events):
Event: 574.211 Thread 0x000001e36c256670 Exception <a 'sun/nio/fs/WindowsException'{0x00000000eabb4cf8}> (0x00000000eabb4cf8) 
thrown [s\src\hotspot\share\prims\jni.cpp, line 520]
Event: 574.218 Thread 0x000001e362d40440 Exception <a 'sun/nio/fs/WindowsException'{0x00000000eabe1f68}> (0x00000000eabe1f68) 
thrown [s\src\hotspot\share\prims\jni.cpp, line 520]
Event: 575.241 Thread 0x000001e36c2531f0 Implicit null exception at 0x000001e3498e8e1b to 0x000001e3498ec67b
Event: 575.241 Thread 0x000001e36c2531f0 Exception <a 'java/lang/NullPointerException'{0x00000000ead7d990}> (0x00000000ead7d990) 
thrown [s\src\hotspot\share\runtime\sharedRuntime.cpp, line 625]
Event: 575.241 Thread 0x000001e36c2531f0 Implicit null exception at 0x000001e3498e8e1b to 0x000001e3498ec67b
Event: 575.241 Thread 0x000001e36c2531f0 Exception <a 'java/lang/NullPointerException'{0x00000000ead832e0}> (0x00000000ead832e0) 
thrown [s\src\hotspot\share\runtime\sharedRuntime.cpp, line 625]
Event: 575.251 Thread 0x000001e36c2531f0 Implicit null exception at 0x000001e3498e8e1b to 0x000001e3498ec67b
Event: 575.251 Thread 0x000001e36c2531f0 Exception <a 'java/lang/NullPointerException'{0x00000000eafb38a8}> (0x00000000eafb38a8) 
thrown [s\src\hotspot\share\runtime\sharedRuntime.cpp, line 625]
Event: 576.159 Thread 0x000001e362d3c930 Exception <a 'sun/nio/fs/WindowsException'{0x00000000eac6b738}> (0x00000000eac6b738) 
thrown [s\src\hotspot\share\prims\jni.cpp, line 520]
Event: 576.159 Thread 0x000001e362d3c930 Exception <a 'sun/nio/fs/WindowsException'{0x00000000eaca16b0}> (0x00000000eaca16b0) 
thrown [s\src\hotspot\share\prims\jni.cpp, line 520]
Event: 576.687 Thread 0x000001e35a660140 Implicit null exception at 0x000001e3498e8e1b to 0x000001e3498ec67b
Event: 576.687 Thread 0x000001e35a660140 Exception <a 'java/lang/NullPointerException'{0x00000000eac21e20}> (0x00000000eac21e20) 
thrown [s\src\hotspot\share\runtime\sharedRuntime.cpp, line 625]
Event: 576.687 Thread 0x000001e35a660140 Implicit null exception at 0x000001e3498e8e1b to 0x000001e3498ec67b
Event: 576.687 Thread 0x000001e35a660140 Exception <a 'java/lang/NullPointerException'{0x00000000eac279c0}> (0x00000000eac279c0) 
thrown [s\src\hotspot\share\runtime\sharedRuntime.cpp, line 625]
Event: 576.695 Thread 0x000001e35a660140 Implicit null exception at 0x000001e3498e8e1b to 0x000001e3498ec67b
Event: 576.695 Thread 0x000001e35a660140 Exception <a 'java/lang/NullPointerException'{0x00000000eab6a3f8}> (0x00000000eab6a3f8) 
thrown [s\src\hotspot\share\runtime\sharedRuntime.cpp, line 625]
Event: 582.983 Thread 0x000001e362d3fdb0 Implicit null exception at 0x000001e35013adac to 0x000001e35013c1f8
Event: 582.986 Thread 0x000001e361cab290 Exception <a 'java/lang/NoSuchMethodError'{0x00000000eabf0d50}: 'void java.lang.invoke.DirectMethodHandle$Holder.invokeInterface(java.lang.Object, java.lang.Object)'> (0x00000000eabf0d50) 
thrown [s\src\hotspot\share\interpreter\linkResolver.cpp, line 773]
Event: 583.156 Thread 0x000001e362d3fdb0 Exception <a 'java/lang/NoSuchMethodError'{0x00000000eab064b0}: 'java.lang.Object java.lang.invoke.DirectMethodHandle$Holder.newInvokeSpecial(java.lang.Object, java.lang.Object, java.lang.Object, java.lang.Object, java.lang.Object, java.lang.Object, java.lang.Object, java.lang.Object, java.lang.Object, java.lang.Object)'> (0x00000000eab064b0) 
thrown [s\src\hotspot\share\interpreter\linkResolver.cpp, line 773]
Event: 583.335 Thread 0x000001e361cab290 Exception <a 'java/io/IOException'{0x00000000eaca05f0}> (0x00000000eaca05f0) 
thrown [s\src\hotspot\share\prims\jni.cpp, line 520]

ZGC Phase Switch (0 events):
No events

VM Operations (20 events):
Event: 576.946 Executing VM operation: ParallelGCFailedAllocation (Allocation Failure) done
Event: 576.950 Executing VM operation: ParallelGCFailedAllocation (Allocation Failure)
Event: 576.951 Executing VM operation: ParallelGCFailedAllocation (Allocation Failure) done
Event: 576.956 Executing VM operation: ParallelGCFailedAllocation (Allocation Failure)
Event: 576.958 Executing VM operation: ParallelGCFailedAllocation (Allocation Failure) done
Event: 576.963 Executing VM operation: ParallelGCFailedAllocation (Allocation Failure)
Event: 576.965 Executing VM operation: ParallelGCFailedAllocation (Allocation Failure) done
Event: 576.971 Executing VM operation: ParallelGCFailedAllocation (Allocation Failure)
Event: 576.972 Executing VM operation: ParallelGCFailedAllocation (Allocation Failure) done
Event: 576.982 Executing VM operation: ParallelGCFailedAllocation (Allocation Failure)
Event: 576.985 Executing VM operation: ParallelGCFailedAllocation (Allocation Failure) done
Event: 576.993 Executing VM operation: ParallelGCFailedAllocation (Allocation Failure)
Event: 576.995 Executing VM operation: ParallelGCFailedAllocation (Allocation Failure) done
Event: 582.997 Executing VM operation: Cleanup
Event: 582.997 Executing VM operation: Cleanup done
Event: 583.031 Executing VM operation: ParallelGCFailedAllocation (Allocation Failure)
Event: 583.033 Executing VM operation: ParallelGCFailedAllocation (Allocation Failure) done
Event: 583.148 Executing VM operation: ParallelGCFailedAllocation (Allocation Failure)
Event: 583.150 Executing VM operation: ParallelGCFailedAllocation (Allocation Failure) done
Event: 583.374 Executing VM operation: ParallelGCFailedAllocation (Allocation Failure)

Memory protections (0 events):
No events

Nmethod flushes (20 events):
Event: 571.329 Thread 0x000001e3588e1c50 flushing  nmethod 0x000001e349769110
Event: 571.329 Thread 0x000001e3588e1c50 flushing  nmethod 0x000001e34976a810
Event: 571.329 Thread 0x000001e3588e1c50 flushing  nmethod 0x000001e34976b090
Event: 571.329 Thread 0x000001e3588e1c50 flushing  nmethod 0x000001e34976be90
Event: 571.329 Thread 0x000001e3588e1c50 flushing  nmethod 0x000001e34976dc90
Event: 571.329 Thread 0x000001e3588e1c50 flushing osr nmethod 0x000001e34976f290
Event: 571.329 Thread 0x000001e3588e1c50 flushing  nmethod 0x000001e349772f10
Event: 571.329 Thread 0x000001e3588e1c50 flushing  nmethod 0x000001e34977f490
Event: 571.329 Thread 0x000001e3588e1c50 flushing  nmethod 0x000001e349794010
Event: 571.329 Thread 0x000001e3588e1c50 flushing  nmethod 0x000001e349795610
Event: 571.329 Thread 0x000001e3588e1c50 flushing  nmethod 0x000001e349795f90
Event: 571.329 Thread 0x000001e3588e1c50 flushing  nmethod 0x000001e349799a90
Event: 571.329 Thread 0x000001e3588e1c50 flushing  nmethod 0x000001e34979a310
Event: 571.329 Thread 0x000001e3588e1c50 flushing  nmethod 0x000001e34979a710
Event: 571.329 Thread 0x000001e3588e1c50 flushing  nmethod 0x000001e3497a8f90
Event: 571.329 Thread 0x000001e3588e1c50 flushing  nmethod 0x000001e3497e8890
Event: 571.329 Thread 0x000001e3588e1c50 flushing  nmethod 0x000001e3497e9710
Event: 571.329 Thread 0x000001e3588e1c50 flushing  nmethod 0x000001e3497f0b90
Event: 571.329 Thread 0x000001e3588e1c50 flushing  nmethod 0x000001e3497f0f90
Event: 571.329 Thread 0x000001e3588e1c50 flushing  nmethod 0x000001e3497f6e10

Events (20 events):
Event: 582.997 Thread 0x000001e358908ba0 Thread added: 0x000001e36222c840
Event: 583.054 Thread 0x000001e362d3fdb0 Thread added: 0x000001e36d0394a0
Event: 583.054 Thread 0x000001e36d0394a0 Thread exited: 0x000001e36d0394a0
Event: 583.099 Thread 0x000001e36222c840 Thread added: 0x000001e36222cf10
Event: 583.165 Thread 0x000001e362d3fdb0 Thread added: 0x000001e36d036d40
Event: 583.167 Thread 0x000001e36d036d40 Thread added: 0x000001e36d0394a0
Event: 583.169 Thread 0x000001e36d0394a0 Thread added: 0x000001e36d03c290
Event: 583.169 Thread 0x000001e36d0394a0 Thread added: 0x000001e36d037a60
Event: 583.170 Thread 0x000001e36d03c290 Thread added: 0x000001e36d0380f0
Event: 583.170 Thread 0x000001e36d03c290 Thread added: 0x000001e36d035300
Event: 583.171 Thread 0x000001e36d035300 Thread added: 0x000001e36d03c920
Event: 583.300 Thread 0x000001e36d036d40 Thread exited: 0x000001e36d036d40
Event: 583.300 Thread 0x000001e36d0380f0 Thread exited: 0x000001e36d0380f0
Event: 583.300 Thread 0x000001e36d03c290 Thread exited: 0x000001e36d03c290
Event: 583.300 Thread 0x000001e36d03c920 Thread exited: 0x000001e36d03c920
Event: 583.300 Thread 0x000001e36d037a60 Thread exited: 0x000001e36d037a60
Event: 583.300 Thread 0x000001e36d0394a0 Thread exited: 0x000001e36d0394a0
Event: 583.300 Thread 0x000001e36d035300 Thread exited: 0x000001e36d035300
Event: 583.339 Thread 0x000001e34454e0f0 Thread added: 0x000001e36d0394a0
Event: 583.355 Thread 0x000001e36d0394a0 Thread added: 0x000001e36d035300


Dynamic libraries:
0x00007ff61b1c0000 - 0x00007ff61b1ce000 	c:\Users\Hamza tabani\.vscode\extensions\redhat.java-1.42.0-win32-x64\jre\21.0.7-win32-x86_64\bin\java.exe
0x00007ffe4d010000 - 0x00007ffe4d208000 	C:\Windows\SYSTEM32\ntdll.dll
0x00007ffe4bbc0000 - 0x00007ffe4bc82000 	C:\Windows\System32\KERNEL32.DLL
0x00007ffe4ad30000 - 0x00007ffe4b026000 	C:\Windows\System32\KERNELBASE.dll
0x00007ffe478f0000 - 0x00007ffe47984000 	C:\Windows\SYSTEM32\apphelp.dll
0x00007ffe4a6a0000 - 0x00007ffe4a7a0000 	C:\Windows\System32\ucrtbase.dll
0x00007ffe3af70000 - 0x00007ffe3af88000 	c:\Users\Hamza tabani\.vscode\extensions\redhat.java-1.42.0-win32-x64\jre\21.0.7-win32-x86_64\bin\jli.dll
0x00007ffe39590000 - 0x00007ffe395ae000 	c:\Users\Hamza tabani\.vscode\extensions\redhat.java-1.42.0-win32-x64\jre\21.0.7-win32-x86_64\bin\VCRUNTIME140.dll
0x00007ffe4ba20000 - 0x00007ffe4bbbd000 	C:\Windows\System32\USER32.dll
0x00007ffe3e650000 - 0x00007ffe3e8ea000 	C:\Windows\WinSxS\amd64_microsoft.windows.common-controls_6595b64144ccf1df_6.0.19041.5915_none_60b4b9d171f9c7c7\COMCTL32.dll
0x00007ffe4a850000 - 0x00007ffe4a872000 	C:\Windows\System32\win32u.dll
0x00007ffe4b540000 - 0x00007ffe4b56b000 	C:\Windows\System32\GDI32.dll
0x00007ffe4bc90000 - 0x00007ffe4bd2e000 	C:\Windows\System32\msvcrt.dll
0x00007ffe4ac10000 - 0x00007ffe4ad29000 	C:\Windows\System32\gdi32full.dll
0x00007ffe4ab70000 - 0x00007ffe4ac0d000 	C:\Windows\System32\msvcp_win.dll
0x00007ffe4c5a0000 - 0x00007ffe4c5cf000 	C:\Windows\System32\IMM32.DLL
0x00007ffe3ff00000 - 0x00007ffe3ff0c000 	c:\Users\Hamza tabani\.vscode\extensions\redhat.java-1.42.0-win32-x64\jre\21.0.7-win32-x86_64\bin\vcruntime140_1.dll
0x00007ffe23470000 - 0x00007ffe234fd000 	c:\Users\Hamza tabani\.vscode\extensions\redhat.java-1.42.0-win32-x64\jre\21.0.7-win32-x86_64\bin\msvcp140.dll
0x00007ffddc9b0000 - 0x00007ffddd740000 	c:\Users\Hamza tabani\.vscode\extensions\redhat.java-1.42.0-win32-x64\jre\21.0.7-win32-x86_64\bin\server\jvm.dll
0x00007ffe4b720000 - 0x00007ffe4b7d1000 	C:\Windows\System32\ADVAPI32.dll
0x00007ffe4b910000 - 0x00007ffe4b9af000 	C:\Windows\System32\sechost.dll
0x00007ffe4bd30000 - 0x00007ffe4be53000 	C:\Windows\System32\RPCRT4.dll
0x00007ffe4ab40000 - 0x00007ffe4ab67000 	C:\Windows\System32\bcrypt.dll
0x00007ffe4b8a0000 - 0x00007ffe4b90b000 	C:\Windows\System32\WS2_32.dll
0x00007ffe4a500000 - 0x00007ffe4a54b000 	C:\Windows\SYSTEM32\POWRPROF.dll
0x00007ffe419f0000 - 0x00007ffe41a17000 	C:\Windows\SYSTEM32\WINMM.dll
0x00007ffe439f0000 - 0x00007ffe439fa000 	C:\Windows\SYSTEM32\VERSION.dll
0x00007ffe4a4e0000 - 0x00007ffe4a4f2000 	C:\Windows\SYSTEM32\UMPDC.dll
0x00007ffe48500000 - 0x00007ffe48512000 	C:\Windows\SYSTEM32\kernel.appcore.dll
0x00007ffe3f200000 - 0x00007ffe3f20a000 	c:\Users\Hamza tabani\.vscode\extensions\redhat.java-1.42.0-win32-x64\jre\21.0.7-win32-x86_64\bin\jimage.dll
0x00007ffe3ed10000 - 0x00007ffe3ef11000 	C:\Windows\SYSTEM32\DBGHELP.DLL
0x00007ffe3d650000 - 0x00007ffe3d684000 	C:\Windows\SYSTEM32\dbgcore.DLL
0x00007ffe4aab0000 - 0x00007ffe4ab32000 	C:\Windows\System32\bcryptPrimitives.dll
0x00007ffe3d8e0000 - 0x00007ffe3d8ef000 	c:\Users\Hamza tabani\.vscode\extensions\redhat.java-1.42.0-win32-x64\jre\21.0.7-win32-x86_64\bin\instrument.dll
0x00007ffe38b00000 - 0x00007ffe38b1f000 	c:\Users\Hamza tabani\.vscode\extensions\redhat.java-1.42.0-win32-x64\jre\21.0.7-win32-x86_64\bin\java.dll
0x00007ffe4c800000 - 0x00007ffe4cf6e000 	C:\Windows\System32\SHELL32.dll
0x00007ffe48700000 - 0x00007ffe48ea4000 	C:\Windows\SYSTEM32\windows.storage.dll
0x00007ffe4b030000 - 0x00007ffe4b383000 	C:\Windows\System32\combase.dll
0x00007ffe49f20000 - 0x00007ffe49f4b000 	C:\Windows\SYSTEM32\Wldp.dll
0x00007ffe4c3b0000 - 0x00007ffe4c47d000 	C:\Windows\System32\OLEAUT32.dll
0x00007ffe4b7f0000 - 0x00007ffe4b89d000 	C:\Windows\System32\SHCORE.dll
0x00007ffe4c480000 - 0x00007ffe4c4db000 	C:\Windows\System32\shlwapi.dll
0x00007ffe4a5d0000 - 0x00007ffe4a5f5000 	C:\Windows\SYSTEM32\profapi.dll
0x00007ffe364e0000 - 0x00007ffe364f8000 	c:\Users\Hamza tabani\.vscode\extensions\redhat.java-1.42.0-win32-x64\jre\21.0.7-win32-x86_64\bin\zip.dll
0x00007ffe3ad70000 - 0x00007ffe3ad80000 	C:\Users\Hamza tabani\.vscode\extensions\redhat.java-1.42.0-win32-x64\jre\21.0.7-win32-x86_64\bin\net.dll
0x00007ffe44610000 - 0x00007ffe4471a000 	C:\Windows\SYSTEM32\WINHTTP.dll
0x00007ffe49d00000 - 0x00007ffe49d6a000 	C:\Windows\system32\mswsock.dll
0x00007ffe35a90000 - 0x00007ffe35aa6000 	C:\Users\Hamza tabani\.vscode\extensions\redhat.java-1.42.0-win32-x64\jre\21.0.7-win32-x86_64\bin\nio.dll
0x00007ffe3acc0000 - 0x00007ffe3acd0000 	c:\Users\Hamza tabani\.vscode\extensions\redhat.java-1.42.0-win32-x64\jre\21.0.7-win32-x86_64\bin\verify.dll
0x00007ffe24b10000 - 0x00007ffe24b55000 	C:\Users\Hamza tabani\AppData\Roaming\Code\User\globalStorage\redhat.java\1.42.0\config_win\org.eclipse.equinox.launcher\org.eclipse.equinox.launcher.win32.win32.x86_64_1.2.1300.v20250331-1702\eclipse_11911.dll
0x00007ffe4c5f0000 - 0x00007ffe4c71b000 	C:\Windows\System32\ole32.dll
0x00007ffe49f60000 - 0x00007ffe49f78000 	C:\Windows\SYSTEM32\CRYPTSP.dll
0x00007ffe49640000 - 0x00007ffe49678000 	C:\Windows\system32\rsaenh.dll
0x00007ffe4a590000 - 0x00007ffe4a5be000 	C:\Windows\SYSTEM32\USERENV.dll
0x00007ffe49e90000 - 0x00007ffe49e9c000 	C:\Windows\SYSTEM32\CRYPTBASE.dll
0x00007ffe49a00000 - 0x00007ffe49a3b000 	C:\Windows\SYSTEM32\IPHLPAPI.DLL
0x00007ffe4b7e0000 - 0x00007ffe4b7e8000 	C:\Windows\System32\NSI.dll
0x00007ffe2a850000 - 0x00007ffe2a899000 	C:\Users\Hamza tabani\AppData\Local\Temp\jna-84987212\jna6000112533274724634.dll
0x00007ffe4c590000 - 0x00007ffe4c598000 	C:\Windows\System32\PSAPI.DLL
0x00007ffe450f0000 - 0x00007ffe45107000 	C:\Windows\SYSTEM32\dhcpcsvc6.DLL
0x00007ffe44f40000 - 0x00007ffe44f5d000 	C:\Windows\SYSTEM32\dhcpcsvc.DLL
0x00007ffe2e7f0000 - 0x00007ffe2e817000 	C:\Users\Hamza tabani\.gradle\native\1def1411415f61bf3af743bc5b6707747c0891f09f0c88961ee8f79bc544acac\windows-amd64\native-platform.dll
0x00007ffe47890000 - 0x00007ffe4789a000 	C:\Users\Hamza tabani\.vscode\extensions\redhat.java-1.42.0-win32-x64\jre\21.0.7-win32-x86_64\bin\management.dll
0x00007ffe46ed0000 - 0x00007ffe46edb000 	C:\Users\Hamza tabani\.vscode\extensions\redhat.java-1.42.0-win32-x64\jre\21.0.7-win32-x86_64\bin\management_ext.dll
0x00007ffe49890000 - 0x00007ffe498c3000 	C:\Windows\SYSTEM32\ntmarta.dll

dbghelp: loaded successfully - version: 4.0.5 - missing functions: none
symbol engine: initialized successfully - sym options: 0x614 - pdb path: .;c:\Users\Hamza tabani\.vscode\extensions\redhat.java-1.42.0-win32-x64\jre\21.0.7-win32-x86_64\bin;C:\Windows\SYSTEM32;C:\Windows\WinSxS\amd64_microsoft.windows.common-controls_6595b64144ccf1df_6.0.19041.5915_none_60b4b9d171f9c7c7;c:\Users\Hamza tabani\.vscode\extensions\redhat.java-1.42.0-win32-x64\jre\21.0.7-win32-x86_64\bin\server;C:\Users\Hamza tabani\AppData\Roaming\Code\User\globalStorage\redhat.java\1.42.0\config_win\org.eclipse.equinox.launcher\org.eclipse.equinox.launcher.win32.win32.x86_64_1.2.1300.v20250331-1702;C:\Users\Hamza tabani\AppData\Local\Temp\jna-84987212;C:\Users\Hamza tabani\.gradle\native\1def1411415f61bf3af743bc5b6707747c0891f09f0c88961ee8f79bc544acac\windows-amd64

VM Arguments:
jvm_args: --add-modules=ALL-SYSTEM --add-opens=java.base/java.util=ALL-UNNAMED --add-opens=java.base/java.lang=ALL-UNNAMED --add-opens=java.base/sun.nio.fs=ALL-UNNAMED -Declipse.application=org.eclipse.jdt.ls.core.id1 -Dosgi.bundles.defaultStartLevel=4 -Declipse.product=org.eclipse.jdt.ls.core.product -Djava.import.generatesMetadataFilesAtProjectRoot=false -DDetectVMInstallationsJob.disabled=true -Dfile.encoding=utf8 -XX:+UseParallelGC -XX:GCTimeRatio=4 -XX:AdaptiveSizePolicyWeight=90 -Dsun.zip.disableMemoryMapping=true -Xmx1G -Xms100m -Xlog:disable -javaagent:c:\Users\Hamza tabani\.vscode\extensions\redhat.java-1.42.0-win32-x64\lombok\lombok-1.18.36.jar -XX:+HeapDumpOnOutOfMemoryError -XX:HeapDumpPath=c:\Users\Hamza tabani\AppData\Roaming\Code\User\workspaceStorage\0cafcf07e359992c43e639bed0ea1b03\redhat.java -Daether.dependencyCollector.impl=bf 
java_command: c:\Users\Hamza tabani\.vscode\extensions\redhat.java-1.42.0-win32-x64\server\plugins\org.eclipse.equinox.launcher_1.7.0.v20250424-1814.jar -configuration c:\Users\Hamza tabani\AppData\Roaming\Code\User\globalStorage\redhat.java\1.42.0\config_win -data c:\Users\Hamza tabani\AppData\Roaming\Code\User\workspaceStorage\0cafcf07e359992c43e639bed0ea1b03\redhat.java\jdt_ws --pipe=\\.\pipe\lsp-cb1802e7b6477c7fcedea767c029a25b-sock
java_class_path (initial): c:\Users\Hamza tabani\.vscode\extensions\redhat.java-1.42.0-win32-x64\server\plugins\org.eclipse.equinox.launcher_1.7.0.v20250424-1814.jar
Launcher Type: SUN_STANDARD

[Global flags]
    uintx AdaptiveSizePolicyWeight                 = 90                                        {product} {command line}
     intx CICompilerCount                          = 4                                         {product} {ergonomic}
    uintx GCTimeRatio                              = 4                                         {product} {command line}
     bool HeapDumpOnOutOfMemoryError               = true                                   {manageable} {command line}
    ccstr HeapDumpPath                             = c:\Users\Hamza tabani\AppData\Roaming\Code\User\workspaceStorage\0cafcf07e359992c43e639bed0ea1b03\redhat.java         {manageable} {command line}
   size_t InitialHeapSize                          = 104857600                                 {product} {command line}
   size_t MaxHeapSize                              = 1073741824                                {product} {command line}
   size_t MaxNewSize                               = 357564416                                 {product} {ergonomic}
   size_t MinHeapDeltaBytes                        = 524288                                    {product} {ergonomic}
   size_t MinHeapSize                              = 104857600                                 {product} {command line}
   size_t NewSize                                  = 34603008                                  {product} {ergonomic}
    uintx NonNMethodCodeHeapSize                   = 5839372                                {pd product} {ergonomic}
    uintx NonProfiledCodeHeapSize                  = 122909434                              {pd product} {ergonomic}
   size_t OldSize                                  = 70254592                                  {product} {ergonomic}
    uintx ProfiledCodeHeapSize                     = 122909434                              {pd product} {ergonomic}
    uintx ReservedCodeCacheSize                    = 251658240                              {pd product} {ergonomic}
     bool SegmentedCodeCache                       = true                                      {product} {ergonomic}
   size_t SoftMaxHeapSize                          = 1073741824                             {manageable} {ergonomic}
     bool UseCompressedOops                        = true                           {product lp64_product} {ergonomic}
     bool UseLargePagesIndividualAllocation        = false                                  {pd product} {ergonomic}
     bool UseParallelGC                            = true                                      {product} {command line}

Logging:
Log output configuration:
 #0: stdout all=off uptime,level,tags foldmultilines=false
 #1: stderr all=off uptime,level,tags foldmultilines=false

Environment Variables:
JAVA_HOME=C:\Program Files\Java\jdk-17
PATH=C:\Program Files\Common Files\Oracle\Java\javapath;C:\Windows\system32;C:\Windows;C:\Windows\System32\Wbem;C:\Windows\System32\WindowsPowerShell\v1.0\;C:\Windows\System32\OpenSSH\;C:\ProgramData\chocolatey\bin;C:\Program Files\nodejs\;C:\Users\Hamza tabani\AppData\Local\Android\Sdk\platform-tools;C:\Program Files\OpenJDK\jdk-20.0.2\bin;C:\Program Files (x86)\ATI Technologies\ATI.ACE\Core-Static;C:\Program Files\MongoDB\mongosh-2.3.1-win32-x64\bin;C:\Program Files\dotnet\;C:\Program Files\Microsoft SQL Server\150\Tools\Binn\;C:\Program Files\Microsoft SQL Server\Client SDK\ODBC\170\Tools\Binn\;C:\Users\Hamza tabani\AppData\Local\Android\Sdk\tools;C:\Users\Hamza tabani\AppData\Local\Microsoft\WindowsApps;C:\Users\Hamza tabani\AppData\Local\Programs\Microsoft VS Code\bin;C:\Users\Hamza tabani\AppData\Local\Programs\Git\cmd;C:\Users\Hamza tabani\AppData\Roaming\npm
USERNAME=Hamza tabani
OS=Windows_NT
PROCESSOR_IDENTIFIER=Intel64 Family 6 Model 60 Stepping 3, GenuineIntel
TMP=C:\Users\HAMZAT~1\AppData\Local\Temp
TEMP=C:\Users\HAMZAT~1\AppData\Local\Temp




Periodic native trim disabled

---------------  S Y S T E M  ---------------

OS:
 Windows 10 , 64 bit Build 19041 (10.0.19041.5915)
OS uptime: 1 days 6:34 hours
Hyper-V role detected

CPU: total 8 (initial active 8) (4 cores per cpu, 2 threads per core) family 6 model 60 stepping 3 microcode 0x27, cx8, cmov, fxsr, ht, mmx, sse, sse2, sse3, ssse3, sse4.1, sse4.2, popcnt, lzcnt, tsc, tscinvbit, avx, avx2, erms, clmul, bmi1, bmi2, fma, vzeroupper, clflush, hv, rdtscp, f16c
Processor Information for the first 8 processors :
  Max Mhz: 3601, Current Mhz: 3601, Mhz Limit: 3601

Memory: 4k page, system-wide physical 16321M (2853M free)
TotalPageFile size 26561M (AvailPageFile size 8464M)
current process WorkingSet (physical memory assigned to process): 977M, peak: 1127M
current process commit charge ("private bytes"): 885M, peak: 1044M

vm_info: OpenJDK 64-Bit Server VM (21.0.7+6-LTS) for windows-amd64 JRE (21.0.7+6-LTS), built on 2025-04-15T00:00:00Z by "admin" with MS VC++ 17.7 (VS2022)

END.
